<?xml version="1.0" encoding="UTF-8"?>
<testng-results skipped="0" failed="0" total="1" passed="1">
  <reporter-output>
  </reporter-output>
  <suite name="Default suite" duration-ms="27827" started-at="2017-04-15T05:12:42Z" finished-at="2017-04-15T05:13:10Z">
    <groups>
    </groups>
    <test name="Default test" duration-ms="27827" started-at="2017-04-15T05:12:42Z" finished-at="2017-04-15T05:13:10Z">
      <class name="TestCases.VerifyHomePage">
        <test-method status="PASS" signature="setup()[pri:0, instance:TestCases.VerifyHomePage@28d25987]" name="setup" is-config="true" duration-ms="22792" started-at="2017-04-15T10:42:42Z" finished-at="2017-04-15T10:43:05Z">
          <reporter-output>
          </reporter-output>
        </test-method> <!-- setup -->
        <test-method status="PASS" signature="testhomepage()[pri:0, instance:TestCases.VerifyHomePage@28d25987]" name="testhomepage" duration-ms="3134" started-at="2017-04-15T10:43:05Z" finished-at="2017-04-15T10:43:08Z">
          <reporter-output>
          </reporter-output>
        </test-method> <!-- testhomepage -->
        <test-method status="PASS" signature="teardown()[pri:0, instance:TestCases.VerifyHomePage@28d25987]" name="teardown" is-config="true" duration-ms="1865" started-at="2017-04-15T10:43:08Z" finished-at="2017-04-15T10:43:10Z">
          <reporter-output>
          </reporter-output>
        </test-method> <!-- teardown -->
      </class> <!-- TestCases.VerifyHomePage -->
    </test> <!-- Default test -->
  </suite> <!-- Default suite -->
</testng-results>
